
> web@0.0.0 dev
> vite


  [32m[1mVITE[22m v8.0.10[39m  [2mready in [0m[1m353[22m[2m[0m ms[22m

  [32m➜[39m  [1mLocal[22m:   [36mhttp://localhost:[1m3000[22m/[39m
[2m  [32m➜[39m  [1mNetwork[22m[2m: use [22m[1m--host[22m[2m to expose[22m
[2m[32m  ➜[39m[22m[2m  press [22m[1mh + enter[22m[2m to show help[22m
[2m6:23:24 PM[22m [31m[1m[vite][22m[39m [31mhttp proxy error: /predict/game?home=MIN&away=DEN[39m
AggregateError [ECONNREFUSED]: 
    at internalConnectMultiple (node:net:1134:18)
    at afterConnectMultiple (node:net:1715:7)
[2m6:23:24 PM[22m [31m[1m[vite][22m[39m [31mhttp proxy error: /injuries?team=MIN[39m
AggregateError [ECONNREFUSED]: 
    at internalConnectMultiple (node:net:1134:18)
    at afterConnectMultiple (node:net:1715:7)
[2m6:23:24 PM[22m [31m[1m[vite][22m[39m [31mhttp proxy error: /injuries?team=DEN[39m
AggregateError [ECONNREFUSED]: 
    at internalConnectMultiple (node:net:1134:18)
    at afterConnectMultiple (node:net:1715:7)
[2m6:23:24 PM[22m [31m[1m[vite][22m[39m [31mhttp proxy error: /predict/game?home=MIN&away=DEN[39m
AggregateError [ECONNREFUSED]: 
    at internalConnectMultiple (node:net:1134:18)
    at afterConnectMultiple (node:net:1715:7)
[2m6:23:24 PM[22m [31m[1m[vite][22m[39m [31mhttp proxy error: /injuries?team=MIN[39m
AggregateError [ECONNREFUSED]: 
    at internalConnectMultiple (node:net:1134:18)
    at afterConnectMultiple (node:net:1715:7)
[2m6:23:24 PM[22m [31m[1m[vite][22m[39m [31mhttp proxy error: /injuries?team=DEN[39m
AggregateError [ECONNREFUSED]: 
    at internalConnectMultiple (node:net:1134:18)
    at afterConnectMultiple (node:net:1715:7)
[2m6:31:16 PM[22m [31m[1m[vite][22m[39m [31mhttp proxy error: /live[39m
AggregateError [ECONNREFUSED]: 
    at internalConnectMultiple (node:net:1134:18)
    at afterConnectMultiple (node:net:1715:7)
[2m6:31:24 PM[22m [31m[1m[vite][22m[39m [31mhttp proxy error: /schedule/today[39m
AggregateError [ECONNREFUSED]: 
    at internalConnectMultiple (node:net:1134:18)
    at afterConnectMultiple (node:net:1715:7)
[2m6:33:24 PM[22m [36m[1m[vite][22m[39m [90m[2m(client)[22m[39m [32mhmr update [39m[2m/src/pages/Live.tsx, /src/index.css[22m
[2m6:34:03 PM[22m [36m[1m[vite][22m[39m [90m[2m(client)[22m[39m [32mhmr update [39m[2m/src/pages/Upcoming.tsx, /src/index.css[22m
[2m6:38:57 PM[22m [36m[1m[vite][22m[39m [90m[2m(client)[22m[39m [32mhmr update [39m[2m/src/pages/GameDetail.tsx, /src/index.css[22m
[2m6:39:07 PM[22m [36m[1m[vite][22m[39m [90m[2m(client)[22m[39m [32mhmr update [39m[2m/src/pages/LineupOptimizer.tsx, /src/index.css[22m
[2m6:52:25 PM[22m [36m[1m[vite][22m[39m [90m[2m(client)[22m[39m [32mhmr update [39m[2m/src/pages/GameDetail.tsx, /src/index.css[22m
[2m6:52:36 PM[22m [36m[1m[vite][22m[39m [90m[2m(client)[22m[39m [32mhmr update [39m[2m/src/pages/GameDetail.tsx, /src/index.css[22m
[2m6:52:44 PM[22m [36m[1m[vite][22m[39m [90m[2m(client)[22m[39m [32mhmr update [39m[2m/src/pages/LineupOptimizer.tsx, /src/index.css[22m
[2m6:52:55 PM[22m [36m[1m[vite][22m[39m [90m[2m(client)[22m[39m [32mhmr update [39m[2m/src/pages/LineupOptimizer.tsx, /src/index.css[22m
[2m6:53:07 PM[22m [36m[1m[vite][22m[39m [90m[2m(client)[22m[39m [32mhmr update [39m[2m/src/pages/LineupOptimizer.tsx, /src/index.css[22m
[2m6:53:17 PM[22m [36m[1m[vite][22m[39m [90m[2m(client)[22m[39m [32mhmr update [39m[2m/src/pages/LineupOptimizer.tsx, /src/index.css[22m
[2m7:08:19 PM[22m [36m[1m[vite][22m[39m [90m[2m(client)[22m[39m [32mhmr update [39m[2m/src/pages/GameDetail.tsx, /src/index.css[22m
[2m7:08:33 PM[22m [36m[1m[vite][22m[39m [90m[2m(client)[22m[39m [32mhmr update [39m[2m/src/pages/GameDetail.tsx, /src/index.css[22m
[2m7:09:34 PM[22m [36m[1m[vite][22m[39m [90m[2m(client)[22m[39m [32mhmr update [39m[2m/src/pages/LineupOptimizer.tsx, /src/index.css[22m
[2m7:19:58 PM[22m [36m[1m[vite][22m[39m [90m[2m(client)[22m[39m [32mhmr update [39m[2m/src/index.css[22m
[2m7:20:17 PM[22m [36m[1m[vite][22m[39m [90m[2m(client)[22m[39m [32mhmr update [39m[2m/src/App.tsx, /src/index.css[22m
[2m7:21:09 PM[22m [36m[1m[vite][22m[39m [90m[2m(client)[22m[39m [32mhmr update [39m[2m/src/pages/Live.tsx, /src/index.css[22m
[2m7:21:40 PM[22m [36m[1m[vite][22m[39m [90m[2m(client)[22m[39m [32mhmr update [39m[2m/src/pages/Upcoming.tsx, /src/index.css[22m
[2m7:22:42 PM[22m [36m[1m[vite][22m[39m [90m[2m(client)[22m[39m [32mhmr update [39m[2m/src/pages/GameDetail.tsx, /src/index.css[22m
[2m7:23:45 PM[22m [36m[1m[vite][22m[39m [90m[2m(client)[22m[39m [32mhmr update [39m[2m/src/pages/LineupOptimizer.tsx, /src/index.css[22m
[2m7:24:18 PM[22m [36m[1m[vite][22m[39m [90m[2m(client)[22m[39m [32mhmr update [39m[2m/src/pages/Injuries.tsx, /src/index.css[22m
[2m7:24:30 PM[22m [36m[1m[vite][22m[39m [90m[2m(client)[22m[39m [32mhmr update [39m[2m/src/index.css, /src/components/StatusBadge.tsx[22m
[2m7:24:45 PM[22m [36m[1m[vite][22m[39m [90m[2m(client)[22m[39m [32mhmr update [39m[2m/src/index.css, /src/components/TeamBadge.tsx[22m
[2m7:27:52 PM[22m [36m[1m[vite][22m[39m [90m[2m(client)[22m[39m [32mhmr update [39m[2m/src/pages/Live.tsx, /src/index.css[22m
[2m7:27:58 PM[22m [36m[1m[vite][22m[39m [90m[2m(client)[22m[39m [32mhmr update [39m[2m/src/pages/Live.tsx, /src/index.css[22m
[2m7:28:04 PM[22m [36m[1m[vite][22m[39m [90m[2m(client)[22m[39m [32mhmr update [39m[2m/src/pages/Upcoming.tsx, /src/index.css[22m
[2m7:28:09 PM[22m [36m[1m[vite][22m[39m [90m[2m(client)[22m[39m [32mhmr update [39m[2m/src/pages/Upcoming.tsx, /src/index.css[22m
[2m7:28:17 PM[22m [36m[1m[vite][22m[39m [90m[2m(client)[22m[39m [32mhmr update [39m[2m/src/pages/Live.tsx, /src/index.css[22m
[2m7:31:52 PM[22m [36m[1m[vite][22m[39m [90m[2m(client)[22m[39m [32mhmr update [39m[2m/src/index.css, /src/components/TeamBadge.tsx[22m
[2m7:32:03 PM[22m [36m[1m[vite][22m[39m [90m[2m(client)[22m[39m [32mhmr update [39m[2m/src/pages/Live.tsx, /src/index.css[22m
[2m7:32:11 PM[22m [36m[1m[vite][22m[39m [90m[2m(client)[22m[39m [32mhmr update [39m[2m/src/pages/Live.tsx, /src/index.css[22m
[2m7:32:22 PM[22m [36m[1m[vite][22m[39m [90m[2m(client)[22m[39m [32mhmr update [39m[2m/src/pages/Live.tsx, /src/index.css[22m
[2m7:32:28 PM[22m [36m[1m[vite][22m[39m [90m[2m(client)[22m[39m [32mhmr update [39m[2m/src/pages/Live.tsx, /src/index.css[22m
[2m7:32:34 PM[22m [36m[1m[vite][22m[39m [90m[2m(client)[22m[39m [32mhmr update [39m[2m/src/pages/Live.tsx, /src/index.css[22m
[2m7:32:40 PM[22m [36m[1m[vite][22m[39m [90m[2m(client)[22m[39m [32mhmr update [39m[2m/src/pages/Live.tsx, /src/index.css[22m
[2m7:32:50 PM[22m [36m[1m[vite][22m[39m [90m[2m(client)[22m[39m [32mhmr update [39m[2m/src/pages/Live.tsx, /src/index.css[22m
[2m7:32:58 PM[22m [36m[1m[vite][22m[39m [90m[2m(client)[22m[39m [32mhmr update [39m[2m/src/pages/Live.tsx, /src/index.css[22m
[2m7:33:05 PM[22m [36m[1m[vite][22m[39m [90m[2m(client)[22m[39m [32mhmr update [39m[2m/src/pages/Live.tsx, /src/index.css[22m
[2m7:33:11 PM[22m [36m[1m[vite][22m[39m [90m[2m(client)[22m[39m [32mhmr update [39m[2m/src/pages/Upcoming.tsx, /src/index.css[22m
[2m7:33:16 PM[22m [36m[1m[vite][22m[39m [90m[2m(client)[22m[39m [32mhmr update [39m[2m/src/pages/Upcoming.tsx, /src/index.css[22m
[2m7:33:27 PM[22m [36m[1m[vite][22m[39m [90m[2m(client)[22m[39m [32mhmr update [39m[2m/src/pages/Upcoming.tsx, /src/index.css[22m
[2m7:35:27 PM[22m [36m[1m[vite][22m[39m [90m[2m(client)[22m[39m [32mhmr update [39m[2m/src/pages/Upcoming.tsx, /src/index.css[22m
[2m7:35:34 PM[22m [36m[1m[vite][22m[39m [90m[2m(client)[22m[39m [32mhmr update [39m[2m/src/pages/Upcoming.tsx, /src/index.css[22m
[2m7:35:43 PM[22m [36m[1m[vite][22m[39m [90m[2m(client)[22m[39m [32mhmr update [39m[2m/src/pages/GameDetail.tsx, /src/index.css[22m
[2m7:35:56 PM[22m [36m[1m[vite][22m[39m [90m[2m(client)[22m[39m [32mhmr update [39m[2m/src/pages/GameDetail.tsx, /src/index.css[22m
[2m7:36:02 PM[22m [36m[1m[vite][22m[39m [90m[2m(client)[22m[39m [32mhmr update [39m[2m/src/pages/GameDetail.tsx, /src/index.css[22m
[2m7:36:07 PM[22m [36m[1m[vite][22m[39m [90m[2m(client)[22m[39m [32mhmr update [39m[2m/src/pages/GameDetail.tsx, /src/index.css[22m
